Launch App
Launch App
Launch App
Launch App
Launch App
Launch App
Click on Element with LocatorType id with the locatorValue: com.code2lead.kwad:id/ContactUs
Launch App
Unable to Click on Element with LocatorType id and with the locatorValue: com.code2lead.kwad:id/ContactUs
Click on Element with LocatorType id with the locatorValue: com.code2lead.kwad:id/ContactUs
Launch App
Unable to Click on Element with LocatorType id and with the locatorValue: com.code2lead.kwad:id/ContactUs
Click on Element with LocatorType id with the locatorValue: com.code2lead.kwad:id/ContactUs
Click on Element with LocatorType id with the locatorValue: com.code2lead.kwad:id/Et2
Launch App
Screenshot save to Path ../screenshots/App 20_05_22_18_23_21.png
Unable to Click on Element with LocatorType id and with the locatorValue: com.code2lead.kwad:id/ContactUs
Click on Element with LocatorType id with the locatorValue: com.code2lead.kwad:id/ContactUs
Click on Element with LocatorType id with the locatorValue: com.code2lead.kwad:id/Et2
Screenshot save to Path ../screenshots/TestName 20_05_22_18_23_25.png
Launch App
Launch App
Launch App
Launch App
Launch App
Launch App
Launch App
Launch App
Launch App
Launch App
Click on Element with LocatorType id with the locatorValue: com.code2lead.kwad:id/ContactUs
Launch App
Launch App
Launch App
Launch App
Launch App
Click on Element with LocatorType id with the locatorValue: com.code2lead.kwad:id/ContactUs
Unable to Click on Element with LocatorType text and with the locatorValue: Contact Us form
Launch App
Click on Element with LocatorType id with the locatorValue: com.code2lead.kwad:id/ContactUs
Unable to Click on Element with LocatorType text and with the locatorValue: Contact Us form
Launch App
Click on Element with LocatorType id with the locatorValue: com.code2lead.kwad:id/ContactUs
Unable to Click on Element with LocatorType text and with the locatorValue: Contact Us form
Launch App
Click on Element with LocatorType id with the locatorValue: com.code2lead.kwad:id/ContactUs
Unable to Click on Element with LocatorType text and with the locatorValue: Contact Us form
Launch App
Click on Element with LocatorType id with the locatorValue: com.code2lead.kwad:id/ContactUs
Click on Element with LocatorType text with the locatorValue: Contact Us form
Launch App
Click on Element with LocatorType id with the locatorValue: com.code2lead.kwad:id/ContactUs
Click on Element with LocatorType text with the locatorValue: Enter Name
Click on Element with LocatorType text with the locatorValue: Enter Email
Click on Element with LocatorType text with the locatorValue: Enter Address
Click on Element with LocatorType text with the locatorValue: Enter Mobile No
Click on Element with LocatorType text with the locatorValue: SUBMIT
Launch App
Launch App
Launch App
Launch App
Launch App
Launch App
Launch App
Launch App
Launch App
Launch App
Launch App
Launch App
Launch App
Launch App
Launch App
Launch App
Launch App
Launch App
Launch App
Launch App
Launch App
Launch App
Launch App
Launch App
Launch App
Launch App
Launch App
Launch App
Launch App
Launch App
Launch App
Click on Element with LocatorType id with the locatorValue: com.code2lead.kwad:id/EnterValue
Click on Element with LocatorType text with the locatorValue: Enter some Value
Click on Element with LocatorType xpath with the locatorValue: //*[@class='android.widget.EditText']
Unable to Click on Element with LocatorType id and with the locatorValue: SUBMIT
Launch App
Click on Element with LocatorType id with the locatorValue: com.code2lead.kwad:id/EnterValue
Click on Element with LocatorType xpath with the locatorValue: //*[@class='android.widget.EditText']
Unable to Click on Element with LocatorType id and with the locatorValue: SUBMIT
Launch App
Click on Element with LocatorType id with the locatorValue: com.code2lead.kwad:id/ContactUs
Click on Element with LocatorType text with the locatorValue: Enter Name
Click on Element with LocatorType text with the locatorValue: Enter Email
Click on Element with LocatorType text with the locatorValue: Enter Address
Click on Element with LocatorType text with the locatorValue: Enter Mobile No
Click on Element with LocatorType text with the locatorValue: SUBMIT
Launch App
Click on Element with LocatorType id with the locatorValue: com.code2lead.kwad:id/ContactUs
Click on Element with LocatorType text with the locatorValue: Enter Name
Click on Element with LocatorType text with the locatorValue: Enter Email
Click on Element with LocatorType text with the locatorValue: Enter Address
Click on Element with LocatorType text with the locatorValue: Enter Mobile No
Click on Element with LocatorType text with the locatorValue: SUBMIT
Launch App
Launch App
Launch App
Click on Element with LocatorType id with the locatorValue: com.code2lead.kwad:id/ContactUs
Click on Element with LocatorType text with the locatorValue: Enter Name
Click on Element with LocatorType text with the locatorValue: Enter Email
Click on Element with LocatorType text with the locatorValue: Enter Address
Click on Element with LocatorType text with the locatorValue: Enter Mobile No
Click on Element with LocatorType text with the locatorValue: SUBMIT
Launch App
Launch App
Launch App
Click on Element with LocatorType id with the locatorValue: com.code2lead.kwad:id/Login
Click on Element with LocatorType text with the locatorValue: Login Page
Click on Element with LocatorType text with the locatorValue: Enter Email
Click on Element with LocatorType text with the locatorValue: Enter Password
Click on Element with LocatorType text with the locatorValue: LOGIN
Launch App
Launch App
Launch App
Click on Element with LocatorType id with the locatorValue: com.code2lead.kwad:id/ScrollView
Click on Element with LocatorType text with the locatorValue: ScrollView
Launch App
Click on Element with LocatorType id with the locatorValue: com.code2lead.kwad:id/ScrollView
Click on Element with LocatorType text with the locatorValue: ScrollView
Launch App
Click on Element with LocatorType id with the locatorValue: com.code2lead.kwad:id/ScrollView
Click on Element with LocatorType text with the locatorValue: ScrollView
Launch App
Launch App
Launch App
Launch App
Launch App
Click on Element with LocatorType id with the locatorValue: com.code2lead.kwad:id/Login
Click on Element with LocatorType text with the locatorValue: Login Page
Click on Element with LocatorType text with the locatorValue: Enter Email
Click on Element with LocatorType text with the locatorValue: Enter Password
Click on Element with LocatorType text with the locatorValue: LOGIN
Click on Element with LocatorType text with the locatorValue: Enter Admin
Unable to Click on Element with LocatorType text and with the locatorValue: Enter Admin
Launch App
Click on Element with LocatorType id with the locatorValue: com.code2lead.kwad:id/Login
Click on Element with LocatorType text with the locatorValue: Login Page
Enter the Element with LocatorType textwith the locatorValue: Enter Email
Enter the Element with LocatorType textwith the locatorValue: Enter Password
Click on Element with LocatorType text with the locatorValue: LOGIN
Click on Element with LocatorType text with the locatorValue: Enter Admin
Enter the Element with LocatorType idwith the locatorValue: com.code2lead.kwad:id/Edt_admin
Click on Element with LocatorType text with the locatorValue: SUBMIT
Launch App
Click on Element with LocatorType id with the locatorValue: com.code2lead.kwad:id/Login
Click on Element with LocatorType text with the locatorValue: Login Page
Launch App
Launch App
Click on Element with LocatorType id with the locatorValue: com.code2lead.kwad:id/ContactUs
Launch App
Launch App
Launch App
Launch App
Launch App
Launch App
Launch App
Launch App
Launch App
Launch App
Launch App
Launch App
Click on Element with LocatorType id with the locatorValue: com.code2lead.kwad:id/ScrollView
Click on Element with LocatorType text with the locatorValue: ScrollView
Launch App
Launch App
Launch App
Launch App
Launch App
Launch App
Unable to Enter the Element with LocatorType textand with the locatorValue: Enter Email
Launch App
Launch App
Launch App
Launch App
Launch App
Launch App
Launch App
Unable to Enter the Element with LocatorType textand with the locatorValue: Enter Name
Launch App
Launch App
Launch App
Launch App
Launch App
Launch App
Launch App
Launch App
Launch App
Launch App
Launch App
Launch App
Launch App
Launch App
Launch App
Launch App
Launch App
Unable to Click on Element with LocatorType text and with the locatorValue: Enter Admin
Launch App
Launch App
Launch App
Launch App
Launch App
Launch App
Launch App
Launch App
Launch App
Launch App
Unable to Click on Element with LocatorType text and with the locatorValue: SUBMIT
Launch App
Launch App
Launch App
Launch App
Launch App
Launch App
Launch App
Launch App
Launch App
Launch App
Launch App
Launch App
Launch App
Launch App
Launch App
Launch App
Launch App
Launch App
Launch App
Launch App
Launch App
Launch App
Launch App
Unable to Enter the Element with LocatorType idand with the locatorValue: com.code2lead.kwad:id/Edt_admin
Launch App
Click on Element with LocatorType id with the locatorValue: com.code2lead.kwad:id/Login
Click on Element with LocatorType text with the locatorValue: Login Page
Launch App
Launch App
Click on Element with LocatorType id with the locatorValue: com.code2lead.kwad:id/ContactUs
Launch App
Launch App
Launch App
Launch App
Launch App
Launch App
Launch App
Launch App
Launch App
Launch App
Launch App
Launch App
Launch App
Launch App
Launch App
Launch App
Launch App
Launch App
Launch App
Launch App
Launch App
Launch App
Launch App
Launch App
Launch App
Launch App
Launch App
Launch App
Launch App
Launch App
Launch App
Launch App
Launch App
Launch App
Launch App
Launch App
Launch App
Launch App
Launch App
Launch App
Launch App
Launch App
Launch App
Launch App
Launch App
Launch App
Launch App
Launch App
Launch App
Launch App
Launch App
Launch App
Launch App
Launch App
Launch App
Launch App
Launch App
Launch App
Launch App
Launch App
Launch App
Launch App
Launch App
Launch App
Launch App
Launch App
Launch App
Launch App
Launch App
Launch App
Launch App
Launch App
Launch App
Launch App
Launch App
Launch App
Launch App
Launch App
Launch App
Launch App
Launch App
Launch App
Launch App
Launch App
Launch App
Click on Element with LocatorType id with the locatorValue: com.code2lead.kwad:id/ScrollView
Click on Element with LocatorType text with the locatorValue: ScrollView
Launch App
Launch App
Launch App
Launch App
Launch App
Unable to Enter the Element with LocatorType textand with the locatorValue: Enter Email
Launch App
Launch App
Launch App
Launch App
Launch App
Launch App
Launch App
Launch App
Launch App
Launch App
Launch App
Launch App
Launch App
Launch App
Launch App
Launch App
Launch App
Launch App
Launch App
Launch App
Launch App
Launch App
Launch App
Launch App
Launch App
Launch App
Launch App
Launch App
Launch App
Launch App
Launch App
Launch App
Launch App
Launch App
Launch App
Launch App
Launch App
Launch App
Launch App
Launch App
Launch App
Launch App
Click on Element with LocatorType id with the locatorValue: com.code2lead.kwad:id/Login
Click on Element with LocatorType text with the locatorValue: Login Page
Enter the Element with LocatorType textwith the locatorValue: Enter Email
Enter the Element with LocatorType textwith the locatorValue: Enter Password
Click on Element with LocatorType text with the locatorValue: LOGIN
Click on Element with LocatorType text with the locatorValue: Enter Admin
Enter the Element with LocatorType idwith the locatorValue: com.code2lead.kwad:id/Edt_admin
Click on Element with LocatorType text with the locatorValue: SUBMIT
Launch App
Launch App
Launch App
Launch App
Click on Element with LocatorType id with the locatorValue: com.code2lead.kwad:id/ContactUs
Enter the Element with LocatorType textwith the locatorValue: Enter Name
Enter the Element with LocatorType textwith the locatorValue: Enter Email
Enter the Element with LocatorType textwith the locatorValue: Enter Address
Enter the Element with LocatorType textwith the locatorValue: Enter Mobile No
Click on Element with LocatorType text with the locatorValue: SUBMIT
Launch App
Launch App
Launch App
Launch App
Click on Element with LocatorType id with the locatorValue: com.code2lead.kwad:id/TabView
Launch App
Click on Element with LocatorType id with the locatorValue: com.code2lead.kwad:id/TabView
Launch App
Launch App
Click on Element with LocatorType id with the locatorValue: com.code2lead.kwad:id/TabView
Launch App
Click on Element with LocatorType id with the locatorValue: com.code2lead.kwad:id/TabView
